# JRE version: OpenJDK Runtime Environment Corretto-17.0.8.8.1 (17.0.8.1+8) (build 17.0.8.1+8-LTS)
# Java VM: OpenJDK 64-Bit Server VM Corretto-17.0.8.8.1 (17.0.8.1+8-LTS, mixed mode, sharing, tiered, compressed oops, compressed class ptrs, g1 gc, windows-amd64)
GC Precious Log:
 CPUs: 8 total, 8 available
 Memory: 7955M
 Large Page Support: Disabled
 NUMA Support: Disabled
 Compressed Oops: Enabled (32-bit)
 Heap Region Size: 1M
 Heap Min Capacity: 256M
 Heap Initial Capacity: 256M
 Heap Max Capacity: 512M
 Pre-touch: Disabled
 Parallel Workers: 8
 Concurrent Workers: 2
 Concurrent Refinement Workers: 8
 Periodic GC: Disabled
Heap:
 garbage-first heap   total 262144K, used 208957K [0x00000000e0000000, 0x0000000100000000)
  region size 1024K, 96 young (98304K), 8 survivors (8192K)
 Metaspace       used 120494K, committed 121280K, reserved 458752K
  class space    used 15417K, committed 15808K, reserved 327680K
GC Heap History (20 events):
Event: 119.847 GC heap before
{Heap before GC invocations=9 (full 0):
 garbage-first heap   total 262144K, used 130824K [0x00000000e0000000, 0x0000000100000000)
  region size 1024K, 83 young (84992K), 11 survivors (11264K)
 Metaspace       used 60476K, committed 61120K, reserved 393216K
  class space    used 8385K, committed 8704K, reserved 327680K
}
Event: 119.870 GC heap after
{Heap after GC invocations=10 (full 0):
 garbage-first heap   total 262144K, used 63207K [0x00000000e0000000, 0x0000000100000000)
  region size 1024K, 5 young (5120K), 5 survivors (5120K)
 Metaspace       used 60476K, committed 61120K, reserved 393216K
  class space    used 8385K, committed 8704K, reserved 327680K
}
Event: 321.978 GC heap before
{Heap before GC invocations=11 (full 0):
 garbage-first heap   total 262144K, used 208615K [0x00000000e0000000, 0x0000000100000000)
  region size 1024K, 136 young (139264K), 5 survivors (5120K)
 Metaspace       used 75691K, committed 76480K, reserved 458752K
  class space    used 10758K, committed 11136K, reserved 327680K
}
Event: 322.552 GC heap after
{Heap after GC invocations=12 (full 0):
 garbage-first heap   total 262144K, used 82663K [0x00000000e0000000, 0x0000000100000000)
  region size 1024K, 13 young (13312K), 13 survivors (13312K)
 Metaspace       used 75691K, committed 76480K, reserved 458752K
  class space    used 10758K, committed 11136K, reserved 327680K
}
Event: 322.560 GC heap before
{Heap before GC invocations=12 (full 0):
 garbage-first heap   total 262144K, used 83687K [0x00000000e0000000, 0x0000000100000000)
  region size 1024K, 14 young (14336K), 13 survivors (13312K)
 Metaspace       used 75691K, committed 76480K, reserved 458752K
  class space    used 10758K, committed 11136K, reserved 327680K
}
Event: 322.598 GC heap after
{Heap after GC invocations=13 (full 0):
 garbage-first heap   total 262144K, used 83599K [0x00000000e0000000, 0x0000000100000000)
  region size 1024K, 2 young (2048K), 2 survivors (2048K)
 Metaspace       used 75691K, committed 76480K, reserved 458752K
  class space    used 10758K, committed 11136K, reserved 327680K
}
Event: 411.475 GC heap before
{Heap before GC invocations=13 (full 0):
 garbage-first heap   total 262144K, used 193167K [0x00000000e0000000, 0x0000000100000000)
  region size 1024K, 102 young (104448K), 2 survivors (2048K)
 Metaspace       used 84132K, committed 84864K, reserved 458752K
  class space    used 11612K, committed 11968K, reserved 327680K
}
Event: 411.525 GC heap after
{Heap after GC invocations=14 (full 0):
 garbage-first heap   total 262144K, used 96704K [0x00000000e0000000, 0x0000000100000000)
  region size 1024K, 13 young (13312K), 13 survivors (13312K)
 Metaspace       used 84132K, committed 84864K, reserved 458752K
  class space    used 11612K, committed 11968K, reserved 327680K
}
Event: 428.417 GC heap before
{Heap before GC invocations=14 (full 0):
 garbage-first heap   total 262144K, used 118208K [0x00000000e0000000, 0x0000000100000000)
  region size 1024K, 35 young (35840K), 13 survivors (13312K)
 Metaspace       used 86699K, committed 87488K, reserved 458752K
  class space    used 11845K, committed 12224K, reserved 327680K
}
Event: 428.432 GC heap after
{Heap after GC invocations=15 (full 0):
 garbage-first heap   total 262144K, used 99415K [0x00000000e0000000, 0x0000000100000000)
  region size 1024K, 3 young (3072K), 3 survivors (3072K)
 Metaspace       used 86699K, committed 87488K, reserved 458752K
  class space    used 11845K, committed 12224K, reserved 327680K
}
Event: 643.666 GC heap before
{Heap before GC invocations=15 (full 0):
 garbage-first heap   total 262144K, used 203863K [0x00000000e0000000, 0x0000000100000000)
  region size 1024K, 105 young (107520K), 3 survivors (3072K)
 Metaspace       used 94282K, committed 95104K, reserved 458752K
  class space    used 12727K, committed 13120K, reserved 327680K
}
Event: 643.721 GC heap after
{Heap after GC invocations=16 (full 0):
 garbage-first heap   total 262144K, used 104116K [0x00000000e0000000, 0x0000000100000000)
  region size 1024K, 8 young (8192K), 8 survivors (8192K)
 Metaspace       used 94282K, committed 95104K, reserved 458752K
  class space    used 12727K, committed 13120K, reserved 327680K
}
Event: 692.050 GC heap before
{Heap before GC invocations=16 (full 0):
 garbage-first heap   total 262144K, used 206516K [0x00000000e0000000, 0x0000000100000000)
  region size 1024K, 108 young (110592K), 8 survivors (8192K)
 Metaspace       used 101252K, committed 102080K, reserved 458752K
  class space    used 13544K, committed 13952K, reserved 327680K
}
Event: 692.090 GC heap after
{Heap after GC invocations=17 (full 0):
 garbage-first heap   total 262144K, used 109303K [0x00000000e0000000, 0x0000000100000000)
  region size 1024K, 13 young (13312K), 13 survivors (13312K)
 Metaspace       used 101252K, committed 102080K, reserved 458752K
  class space    used 13544K, committed 13952K, reserved 327680K
}
Event: 725.417 GC heap before
{Heap before GC invocations=18 (full 0):
 garbage-first heap   total 262144K, used 208631K [0x00000000e0000000, 0x0000000100000000)
  region size 1024K, 111 young (113664K), 13 survivors (13312K)
 Metaspace       used 112626K, committed 113408K, reserved 458752K
  class space    used 14807K, committed 15168K, reserved 327680K
}
Event: 725.441 GC heap after
{Heap after GC invocations=19 (full 0):
 garbage-first heap   total 262144K, used 114042K [0x00000000e0000000, 0x0000000100000000)
  region size 1024K, 11 young (11264K), 11 survivors (11264K)
 Metaspace       used 112626K, committed 113408K, reserved 458752K
  class space    used 14807K, committed 15168K, reserved 327680K
}
Event: 725.511 GC heap before
{Heap before GC invocations=19 (full 0):
 garbage-first heap   total 262144K, used 115066K [0x00000000e0000000, 0x0000000100000000)
  region size 1024K, 12 young (12288K), 11 survivors (11264K)
 Metaspace       used 112751K, committed 113472K, reserved 458752K
  class space    used 14820K, committed 15168K, reserved 327680K
}
Event: 725.537 GC heap after
{Heap after GC invocations=20 (full 0):
 garbage-first heap   total 262144K, used 113601K [0x00000000e0000000, 0x0000000100000000)
  region size 1024K, 2 young (2048K), 2 survivors (2048K)
 Metaspace       used 112751K, committed 113472K, reserved 458752K
  class space    used 14820K, committed 15168K, reserved 327680K
}
Event: 738.176 GC heap before
{Heap before GC invocations=20 (full 0):
 garbage-first heap   total 262144K, used 213953K [0x00000000e0000000, 0x0000000100000000)
  region size 1024K, 99 young (101376K), 2 survivors (2048K)
 Metaspace       used 116899K, committed 117632K, reserved 458752K
  class space    used 15159K, committed 15488K, reserved 327680K
}
Event: 738.190 GC heap after
{Heap after GC invocations=21 (full 0):
 garbage-first heap   total 262144K, used 119869K [0x00000000e0000000, 0x0000000100000000)
  region size 1024K, 8 young (8192K), 8 survivors (8192K)
 Metaspace       used 116899K, committed 117632K, reserved 458752K
  class space    used 15159K, committed 15488K, reserved 327680K
}

